24758 - 2019-07-25 17:22:51,691 -<module> - INFO -  starting

24758 - 2019-07-25 17:22:51,691 -main - DEBUG -  Entered main method

24758 - 2019-07-25 17:22:51,692 -serve_forever - DEBUG -  Serve_forever reached

24758 - 2019-07-25 17:22:51,892 -serve_forever - DEBUG -  Reached end of for loop in serve_forever.

24758 - 2019-07-25 17:22:52,093 -serve_forever - DEBUG -  Reached end of for loop in serve_forever.

24758 - 2019-07-25 17:22:52,294 -serve_forever - DEBUG -  Reached end of for loop in serve_forever.

24758 - 2019-07-25 17:22:52,495 -serve_forever - DEBUG -  Reached end of for loop in serve_forever.

24758 - 2019-07-25 17:22:52,695 -serve_forever - DEBUG -  Reached end of for loop in serve_forever.

24758 - 2019-07-25 17:22:52,696 -serve_forever - DEBUG -  Inside of if statement

24758 - 2019-07-25 17:22:52,696 -serve_forever - INFO -  Running report ...

24758 - 2019-07-25 17:22:52,896 -serve_forever - DEBUG -  Reached end of for loop in serve_forever.

24758 - 2019-07-25 17:22:53,097 -serve_forever - DEBUG -  Reached end of for loop in serve_forever.

24758 - 2019-07-25 17:22:53,298 -serve_forever - DEBUG -  Reached end of for loop in serve_forever.

24758 - 2019-07-25 17:22:53,499 -serve_forever - DEBUG -  Reached end of for loop in serve_forever.

24758 - 2019-07-25 17:22:53,699 -serve_forever - DEBUG -  Reached end of for loop in serve_forever.

24758 - 2019-07-25 17:22:53,700 -serve_forever - DEBUG -  Inside of if statement

24758 - 2019-07-25 17:22:53,700 -serve_forever - INFO -  Running report ...

24758 - 2019-07-25 17:22:53,784 -main - INFO -  Program closing

24758 - 2019-07-25 17:22:53,900 -serve_forever - DEBUG -  Reached end of for loop in serve_forever.

24758 - 2019-07-25 17:22:53,901 -serve_forever - DEBUG -  Flag successfully changed, exiting serve_forever

