14988 - 2019-07-26 16:36:18,943 -<module> - INFO -  starting

14988 - 2019-07-26 16:36:19,946 -serve_forever - INFO -  Running report ...

14988 - 2019-07-26 16:36:20,948 -serve_forever - INFO -  Running report ...

14988 - 2019-07-26 16:36:21,950 -serve_forever - INFO -  Running report ...

14988 - 2019-07-26 16:36:22,881 -main - INFO -  Received command expand

14988 - 2019-07-26 16:36:22,952 -serve_forever - INFO -  Command recognized with no clients flag

14988 - 2019-07-26 16:36:22,954 -serve_forever - INFO -  Running report ...

14988 - 2019-07-26 16:36:23,956 -serve_forever - INFO -  Running report ...

14988 - 2019-07-26 16:36:24,958 -serve_forever - INFO -  Running report ...

14988 - 2019-07-26 16:36:25,960 -serve_forever - INFO -  Running report ...

14988 - 2019-07-26 16:36:26,962 -serve_forever - INFO -  Running report ...

14988 - 2019-07-26 16:36:27,964 -serve_forever - INFO -  Running report ...

14988 - 2019-07-26 16:36:28,966 -serve_forever - INFO -  Running report ...

14988 - 2019-07-26 16:36:29,968 -serve_forever - INFO -  Running report ...

14988 - 2019-07-26 16:36:30,744 -main - INFO -  Received command extract

14988 - 2019-07-26 16:36:30,770 -serve_forever - INFO -  Command recognized with no clients flag

14988 - 2019-07-26 16:36:30,972 -serve_forever - INFO -  Running report ...

14988 - 2019-07-26 16:36:31,974 -serve_forever - INFO -  Running report ...

14988 - 2019-07-26 16:36:32,977 -serve_forever - INFO -  Running report ...

14988 - 2019-07-26 16:36:33,979 -serve_forever - INFO -  Running report ...

